2022-02-13 02:59:43 - INFO: Created Rabbit Instance -> src/rabbitmq/connection.rs-34
2022-02-13 02:59:43 - INFO: Rabbit Actor Started -> src/rabbitmq/connection.rs-132
2022-02-13 02:59:43 - WARN: Handling create exchange message -> src/rabbitmq/handlers.rs-12
2022-02-13 02:59:43 - WARN: Declaring exchange -> src/rabbitmq/connection.rs-54
2022-02-13 02:59:43 - INFO: Declaring queue rabbit_queue -> src/rabbitmq/connection.rs-67
2022-02-13 02:59:43 - INFO: Binding queue to route "/rabbit" -> src/rabbitmq/connection.rs-84
2022-02-13 02:59:43 - INFO: Basic consumer -> src/rabbitmq/connection.rs-95
2022-02-13 02:59:43 - INFO: Adding Rabbit stream -> src/rabbitmq/handlers.rs-43
2022-02-13 03:05:59 - INFO: Created Rabbit Instance -> src/rabbitmq/connection.rs-34
2022-02-13 03:05:59 - INFO: Rabbit Actor Started -> src/rabbitmq/connection.rs-133
2022-02-13 03:05:59 - WARN: Handling create exchange message -> src/rabbitmq/handlers.rs-12
2022-02-13 03:05:59 - WARN: Declaring exchange -> src/rabbitmq/connection.rs-54
2022-02-13 03:05:59 - INFO: Declaring queue rabbit_queue -> src/rabbitmq/connection.rs-67
2022-02-13 03:05:59 - INFO: Binding queue to route "/rabbit" -> src/rabbitmq/connection.rs-84
2022-02-13 03:05:59 - INFO: Basic consumer -> src/rabbitmq/connection.rs-95
2022-02-13 03:05:59 - INFO: Adding Rabbit stream -> src/rabbitmq/handlers.rs-43
2022-02-13 03:10:42 - INFO: Created Rabbit Instance -> src/rabbitmq/connection.rs-34
2022-02-13 03:10:42 - INFO: Rabbit Actor Started -> src/rabbitmq/connection.rs-133
2022-02-13 03:10:42 - WARN: Handling create exchange message -> src/rabbitmq/handlers.rs-12
2022-02-13 03:10:42 - WARN: Declaring exchange -> src/rabbitmq/connection.rs-54
2022-02-13 03:10:42 - INFO: Declaring queue rabbit_queue -> src/rabbitmq/connection.rs-67
2022-02-13 03:10:42 - INFO: Binding queue to route "/rabbit" -> src/rabbitmq/connection.rs-84
2022-02-13 03:10:42 - INFO: Basic consumer -> src/rabbitmq/connection.rs-95
2022-02-13 03:10:42 - INFO: Adding Rabbit stream -> src/rabbitmq/handlers.rs-43
2022-02-13 03:10:43 - INFO: Created Rabbit Instance -> src/rabbitmq/connection.rs-34
2022-02-13 03:10:43 - INFO: Rabbit Actor Started -> src/rabbitmq/connection.rs-133
2022-02-13 03:10:43 - WARN: Handling create exchange message -> src/rabbitmq/handlers.rs-12
2022-02-13 03:10:43 - WARN: Declaring exchange -> src/rabbitmq/connection.rs-54
2022-02-13 03:10:43 - INFO: Declaring queue rabbit_queue -> src/rabbitmq/connection.rs-67
2022-02-13 03:10:43 - INFO: Binding queue to route "/rabbit" -> src/rabbitmq/connection.rs-84
2022-02-13 03:10:43 - WARN: Stopping Rabbit client -> src/rabbitmq/connection.rs-138
2022-02-13 03:14:07 - INFO: Created Rabbit Instance -> src/rabbitmq/connection.rs-36
2022-02-13 03:14:07 - INFO: Rabbit Actor Started -> src/rabbitmq/connection.rs-136
2022-02-13 03:14:07 - WARN: Handling create exchange message -> src/rabbitmq/handlers.rs-12
2022-02-13 03:14:07 - WARN: Declaring exchange -> src/rabbitmq/connection.rs-57
2022-02-13 03:14:07 - INFO: Declaring queue rabbit_queue -> src/rabbitmq/connection.rs-70
2022-02-13 03:14:07 - INFO: Binding queue to route "/rabbit" -> src/rabbitmq/connection.rs-87
2022-02-13 03:14:07 - INFO: Basic consumer -> src/rabbitmq/connection.rs-98
2022-02-13 03:14:07 - INFO: Adding Rabbit stream -> src/rabbitmq/handlers.rs-43
2022-02-13 03:32:20 - INFO: Created Rabbit Instance -> src/rabbitmq/connection.rs-33
2022-02-13 03:32:20 - INFO: Rabbit Actor Started -> src/rabbitmq/connection.rs-132
2022-02-13 03:32:20 - WARN: Handling create exchange message -> src/rabbitmq/handlers.rs-15
2022-02-13 03:32:20 - WARN: Declaring exchange -> src/rabbitmq/connection.rs-54
2022-02-13 03:32:20 - INFO: Declaring queue -> src/rabbitmq/handlers.rs-42
2022-02-13 03:32:20 - INFO: Binding queue to route "/rabbit" -> src/rabbitmq/handlers.rs-62
2022-02-13 03:32:20 - ERROR: Channel closed on channel 2 by 50:20 => AMQPError { kind: Soft(NOTFOUND), message: ShortString("NOT_FOUND - no exchange 'test' in vhost '/'") } => NOT_FOUND - no exchange 'test' in vhost '/' -> /Users/fabriciobracht/.cargo/registry/src/github.com-1ecc6299db9ec823/lapin-1.10.0/src/channel.rs-855
2022-02-13 03:32:20 - WARN: Stopping Rabbit client -> src/rabbitmq/connection.rs-136
2022-02-13 03:33:36 - INFO: Created Rabbit Instance -> src/rabbitmq/connection.rs-33
2022-02-13 03:33:36 - INFO: Rabbit Actor Started -> src/rabbitmq/connection.rs-132
2022-02-13 03:33:36 - WARN: Handling create exchange message -> src/rabbitmq/handlers.rs-15
2022-02-13 03:33:36 - WARN: Declaring exchange -> src/rabbitmq/connection.rs-54
2022-02-13 03:33:36 - INFO: Declaring queue -> src/rabbitmq/handlers.rs-42
2022-02-13 03:33:36 - INFO: Binding queue to route "/rabbit" -> src/rabbitmq/handlers.rs-62
2022-02-13 03:33:36 - INFO: Basic consumer -> src/rabbitmq/handlers.rs-76
2022-02-13 03:37:15 - INFO: Created Rabbit Instance -> src/rabbitmq/connection.rs-33
2022-02-13 03:37:15 - INFO: Rabbit Actor Started -> src/rabbitmq/connection.rs-132
2022-02-13 03:37:15 - WARN: Handling create exchange message -> src/rabbitmq/handlers.rs-15
2022-02-13 03:37:15 - WARN: Declaring exchange -> src/rabbitmq/connection.rs-54
2022-02-13 03:37:15 - INFO: Declaring queue -> src/rabbitmq/handlers.rs-42
2022-02-13 03:37:15 - INFO: Binding queue to route "/rabbit" -> src/rabbitmq/handlers.rs-62
2022-02-13 03:37:15 - INFO: Basic consumer -> src/rabbitmq/handlers.rs-76
2022-02-13 03:37:15 - ERROR: Channel closed on channel 1 by 60:20 => AMQPError { kind: Soft(NOTFOUND), message: ShortString("NOT_FOUND - no queue '00000000-0000-0000-0000-000000000000' in vhost '/'") } => NOT_FOUND - no queue '00000000-0000-0000-0000-000000000000' in vhost '/' -> /Users/fabriciobracht/.cargo/registry/src/github.com-1ecc6299db9ec823/lapin-1.10.0/src/channel.rs-855
2022-02-13 03:38:50 - INFO: Created Rabbit Instance -> src/rabbitmq/connection.rs-33
2022-02-13 03:38:50 - INFO: Rabbit Actor Started -> src/rabbitmq/connection.rs-132
2022-02-13 03:38:50 - WARN: Handling create exchange message -> src/rabbitmq/handlers.rs-15
2022-02-13 03:38:50 - WARN: Declaring exchange -> src/rabbitmq/connection.rs-54
2022-02-13 03:38:50 - INFO: Declaring queue -> src/rabbitmq/handlers.rs-42
2022-02-13 03:38:50 - INFO: Binding queue to route "/rabbit" -> src/rabbitmq/handlers.rs-62
2022-02-13 03:38:50 - INFO: Basic consumer -> src/rabbitmq/handlers.rs-76
2022-02-13 03:38:50 - ERROR: Channel closed on channel 1 by 60:20 => AMQPError { kind: Soft(NOTFOUND), message: ShortString("NOT_FOUND - no queue '00000000-0000-0000-0000-000000000000' in vhost '/'") } => NOT_FOUND - no queue '00000000-0000-0000-0000-000000000000' in vhost '/' -> /Users/fabriciobracht/.cargo/registry/src/github.com-1ecc6299db9ec823/lapin-1.10.0/src/channel.rs-855
2022-02-13 03:41:57 - INFO: Created Rabbit Instance -> src/rabbitmq/connection.rs-33
2022-02-13 03:41:57 - INFO: Rabbit Actor Started -> src/rabbitmq/connection.rs-131
2022-02-13 03:41:57 - WARN: Handling create exchange message -> src/rabbitmq/handlers.rs-15
2022-02-13 03:41:57 - WARN: Declaring exchange -> src/rabbitmq/connection.rs-54
2022-02-13 03:41:57 - INFO: Declaring queue rabbit_queue -> src/rabbitmq/handlers.rs-42
2022-02-13 03:41:57 - INFO: Binding queue to route "/rabbit" -> src/rabbitmq/handlers.rs-62
2022-02-13 03:41:57 - INFO: Basic consumer -> src/rabbitmq/handlers.rs-76
2022-02-13 03:43:53 - INFO: Handling stream -> src/rabbitmq/connection.rs-144
2022-02-13 03:43:53 - WARN: Stopping Rabbit client -> src/rabbitmq/connection.rs-135
2022-02-13 03:48:12 - INFO: Created Rabbit Instance -> src/rabbitmq/connection.rs-33
2022-02-13 03:48:12 - INFO: Rabbit Actor Started -> src/rabbitmq/connection.rs-131
2022-02-13 03:48:12 - WARN: Handling create exchange message -> src/rabbitmq/handlers.rs-15
2022-02-13 03:48:12 - WARN: Declaring exchange -> src/rabbitmq/connection.rs-54
2022-02-13 03:48:12 - INFO: Declaring queue rabbit_queue -> src/rabbitmq/handlers.rs-42
2022-02-13 03:48:12 - INFO: Binding queue to route "/rabbit" -> src/rabbitmq/handlers.rs-62
2022-02-13 03:48:12 - INFO: Basic consumer -> src/rabbitmq/handlers.rs-76
2022-02-13 03:48:53 - INFO: Handling stream -> src/rabbitmq/connection.rs-144
2022-02-13 03:48:53 - WARN: Stopping Rabbit client -> src/rabbitmq/connection.rs-135
2022-02-13 03:50:10 - INFO: Created Rabbit Instance -> src/rabbitmq/connection.rs-33
2022-02-13 03:50:10 - INFO: Rabbit Actor Started -> src/rabbitmq/connection.rs-131
2022-02-13 03:50:10 - WARN: Handling create exchange message -> src/rabbitmq/handlers.rs-15
2022-02-13 03:50:10 - WARN: Declaring exchange -> src/rabbitmq/connection.rs-54
2022-02-13 03:50:10 - INFO: Declaring queue rabbit_queue -> src/rabbitmq/handlers.rs-42
2022-02-13 03:50:10 - INFO: Binding queue to route "/rabbit" -> src/rabbitmq/handlers.rs-62
2022-02-13 03:50:10 - INFO: Basic consumer -> src/rabbitmq/handlers.rs-76
2022-02-13 03:50:25 - INFO: Handling stream -> src/rabbitmq/connection.rs-144
2022-02-13 03:50:25 - INFO: Received hey -> src/rabbitmq/connection.rs-152
2022-02-13 03:50:39 - INFO: Handling stream -> src/rabbitmq/connection.rs-144
2022-02-13 03:50:39 - INFO: Received ho -> src/rabbitmq/connection.rs-152
2022-02-13 03:56:35 - INFO: Created Rabbit Instance -> src/rabbitmq/connection.rs-36
2022-02-13 03:56:35 - INFO: Rabbit Actor Started -> src/rabbitmq/connection.rs-136
2022-02-13 03:56:35 - WARN: Handling create exchange message -> src/rabbitmq/handlers.rs-15
2022-02-13 03:56:35 - WARN: Declaring exchange -> src/rabbitmq/connection.rs-57
2022-02-13 03:56:35 - INFO: Consuming from exchange -> src/rabbitmq/handlers.rs-40
2022-02-13 03:56:35 - INFO: Declaring queue rabbit_queue -> src/rabbitmq/connection.rs-70
2022-02-13 03:56:35 - INFO: Binding queue to route "/rabbit" -> src/rabbitmq/connection.rs-87
2022-02-13 03:56:35 - INFO: Basic consumer -> src/rabbitmq/connection.rs-98
2022-02-13 03:56:35 - INFO: Adding Rabbit stream -> src/rabbitmq/handlers.rs-47
2022-02-13 03:58:00 - INFO: Created Rabbit Instance -> src/rabbitmq/connection.rs-36
2022-02-13 03:58:00 - INFO: Rabbit Actor Started -> src/rabbitmq/connection.rs-135
2022-02-13 03:58:00 - WARN: Handling create exchange message -> src/rabbitmq/handlers.rs-14
2022-02-13 03:58:00 - WARN: Declaring exchange -> src/rabbitmq/connection.rs-57
2022-02-13 03:58:00 - INFO: Consuming from exchange -> src/rabbitmq/handlers.rs-39
2022-02-13 03:58:00 - INFO: Declaring queue rabbit_queue -> src/rabbitmq/connection.rs-70
2022-02-13 03:58:00 - INFO: Binding queue to route "/rabbit" -> src/rabbitmq/connection.rs-87
2022-02-13 03:58:00 - INFO: Basic consumer -> src/rabbitmq/connection.rs-98
2022-02-13 03:58:00 - INFO: Adding Rabbit stream -> src/rabbitmq/handlers.rs-46
2022-02-13 03:58:14 - INFO: Handling stream -> src/rabbitmq/connection.rs-149
2022-02-13 03:58:14 - WARN: Stopping Rabbit client -> src/rabbitmq/connection.rs-140
2022-02-13 04:01:23 - INFO: Created Rabbit Instance -> src/rabbitmq/connection.rs-36
2022-02-13 04:01:23 - INFO: Rabbit Actor Started -> src/rabbitmq/connection.rs-135
2022-02-13 04:01:23 - WARN: Handling create exchange message -> src/rabbitmq/handlers.rs-13
2022-02-13 04:01:23 - WARN: Declaring exchange -> src/rabbitmq/connection.rs-57
2022-02-13 04:01:23 - INFO: Consuming from exchange -> src/rabbitmq/handlers.rs-38
2022-02-13 04:01:23 - INFO: Declaring queue rabbit_queue -> src/rabbitmq/connection.rs-70
2022-02-13 04:01:23 - INFO: Binding queue to route "/rabbit" -> src/rabbitmq/connection.rs-87
2022-02-13 04:01:24 - INFO: Basic consumer -> src/rabbitmq/connection.rs-98
2022-02-13 04:01:24 - INFO: Adding Rabbit stream -> src/rabbitmq/handlers.rs-45
2022-02-13 04:01:41 - INFO: Handling stream -> src/rabbitmq/connection.rs-149
2022-02-13 04:01:41 - WARN: Stopping Rabbit client -> src/rabbitmq/connection.rs-140
2022-02-13 04:02:31 - INFO: Created Rabbit Instance -> src/rabbitmq/connection.rs-36
2022-02-13 04:02:31 - INFO: Rabbit Actor Started -> src/rabbitmq/connection.rs-135
2022-02-13 04:02:31 - WARN: Handling create exchange message -> src/rabbitmq/handlers.rs-13
2022-02-13 04:02:31 - WARN: Declaring exchange -> src/rabbitmq/connection.rs-57
2022-02-13 04:02:31 - INFO: Consuming from exchange -> src/rabbitmq/handlers.rs-38
2022-02-13 04:02:31 - INFO: Declaring queue rabbit_queue -> src/rabbitmq/connection.rs-70
2022-02-13 04:02:31 - INFO: Binding queue to route "/rabbit" -> src/rabbitmq/connection.rs-87
2022-02-13 04:02:31 - INFO: Basic consumer -> src/rabbitmq/connection.rs-98
2022-02-13 04:02:32 - INFO: Adding Rabbit stream -> src/rabbitmq/handlers.rs-45
2022-02-13 04:02:53 - INFO: Handling stream -> src/rabbitmq/connection.rs-149
2022-02-13 04:02:53 - INFO: Rabbit payload received, hey -> src/rabbitmq/connection.rs-159
2022-02-13 04:06:33 - INFO: Created Rabbit Instance -> src/rabbitmq/connection.rs-36
2022-02-13 04:06:33 - INFO: Rabbit Actor Started -> src/rabbitmq/connection.rs-135
2022-02-13 04:06:33 - WARN: Handling create exchange message -> src/rabbitmq/handlers.rs-13
2022-02-13 04:06:33 - WARN: Declaring exchange -> src/rabbitmq/connection.rs-57
2022-02-13 04:06:33 - INFO: Consuming from exchange -> src/rabbitmq/handlers.rs-38
2022-02-13 04:06:33 - INFO: Declaring queue rabbit_queue -> src/rabbitmq/connection.rs-70
2022-02-13 04:06:33 - INFO: Binding queue to route "/rabbit" -> src/rabbitmq/connection.rs-87
2022-02-13 04:06:33 - INFO: Basic consumer -> src/rabbitmq/connection.rs-98
2022-02-13 04:06:33 - INFO: Adding Rabbit stream -> src/rabbitmq/handlers.rs-45
2022-02-13 04:06:46 - INFO: Handling stream -> src/rabbitmq/connection.rs-149
2022-02-13 04:06:46 - INFO: Rabbit payload received, hey -> src/rabbitmq/connection.rs-162
2022-02-13 04:19:00 - INFO: Created Rabbit Instance -> src/rabbitmq/connection.rs-35
2022-02-13 04:19:00 - INFO: Rabbit Actor Started -> src/rabbitmq/connection.rs-134
2022-02-13 04:19:00 - WARN: Handling create exchange message -> src/rabbitmq/handlers.rs-13
2022-02-13 04:19:00 - WARN: Declaring exchange -> src/rabbitmq/connection.rs-56
2022-02-13 04:19:00 - INFO: Consuming from exchange -> src/rabbitmq/handlers.rs-38
2022-02-13 04:19:00 - INFO: Declaring queue rabbit_queue -> src/rabbitmq/connection.rs-69
2022-02-13 04:19:00 - INFO: Binding queue to route "/rabbit" -> src/rabbitmq/connection.rs-86
2022-02-13 04:19:01 - INFO: Basic consumer -> src/rabbitmq/connection.rs-97
2022-02-13 04:19:01 - INFO: Adding Rabbit stream -> src/rabbitmq/handlers.rs-45
2022-02-13 04:23:44 - INFO: Created Rabbit Instance -> src/rabbitmq/connection.rs-32
2022-02-13 04:23:44 - INFO: Rabbit Actor Started -> src/rabbitmq/connection.rs-140
2022-02-13 04:23:44 - WARN: Handling create exchange message -> src/rabbitmq/handlers.rs-13
2022-02-13 04:23:44 - WARN: Declaring exchange -> src/rabbitmq/connection.rs-53
2022-02-13 04:23:44 - INFO: Consuming from exchange -> src/rabbitmq/handlers.rs-38
2022-02-13 04:23:44 - INFO: Declaring queue rabbit_queue -> src/rabbitmq/connection.rs-66
2022-02-13 04:23:44 - INFO: Binding queue to route "/rabbit" -> src/rabbitmq/connection.rs-83
2022-02-13 04:23:45 - WARN: Stopping Rabbit client -> src/rabbitmq/connection.rs-144
2022-02-13 04:26:29 - INFO: Created Rabbit Instance -> src/rabbitmq/connection.rs-32
2022-02-13 04:26:29 - INFO: Rabbit Actor Started -> src/rabbitmq/connection.rs-131
2022-02-13 04:26:29 - WARN: Handling create exchange message -> src/rabbitmq/handlers.rs-13
2022-02-13 04:26:29 - WARN: Declaring exchange -> src/rabbitmq/connection.rs-53
2022-02-13 04:26:29 - INFO: Consuming from exchange -> src/rabbitmq/handlers.rs-38
2022-02-13 04:26:29 - INFO: Declaring queue rabbit_queue -> src/rabbitmq/connection.rs-66
2022-02-13 04:26:29 - INFO: Binding queue to route "/rabbit" -> src/rabbitmq/connection.rs-83
2022-02-13 04:26:29 - WARN: Stopping Rabbit client -> src/rabbitmq/connection.rs-135
2022-02-13 04:27:10 - INFO: Created Rabbit Instance -> src/rabbitmq/connection.rs-32
2022-02-13 04:27:10 - INFO: Rabbit Actor Started -> src/rabbitmq/connection.rs-140
2022-02-13 04:27:10 - WARN: Handling create exchange message -> src/rabbitmq/handlers.rs-13
2022-02-13 04:27:10 - WARN: Declaring exchange -> src/rabbitmq/connection.rs-53
2022-02-13 04:27:10 - INFO: Consuming from exchange -> src/rabbitmq/handlers.rs-38
2022-02-13 04:27:10 - INFO: Declaring queue rabbit_queue -> src/rabbitmq/connection.rs-66
2022-02-13 04:27:10 - INFO: Binding queue to route "/rabbit" -> src/rabbitmq/connection.rs-83
2022-02-13 04:27:10 - WARN: Stopping Rabbit client -> src/rabbitmq/connection.rs-144
2022-02-13 04:27:59 - INFO: Created Rabbit Instance -> src/rabbitmq/connection.rs-32
2022-02-13 04:27:59 - INFO: Rabbit Actor Started -> src/rabbitmq/connection.rs-140
2022-02-13 04:27:59 - WARN: Handling create exchange message -> src/rabbitmq/handlers.rs-13
2022-02-13 04:27:59 - WARN: Declaring exchange -> src/rabbitmq/connection.rs-53
2022-02-13 04:27:59 - INFO: Consuming from exchange -> src/rabbitmq/handlers.rs-38
2022-02-13 04:27:59 - INFO: Declaring queue rabbit_queue -> src/rabbitmq/connection.rs-66
2022-02-13 04:27:59 - INFO: Binding queue to route "/rabbit" -> src/rabbitmq/connection.rs-83
2022-02-13 04:27:59 - WARN: Stopping Rabbit client -> src/rabbitmq/connection.rs-144
2022-02-13 04:28:30 - INFO: Created Rabbit Instance -> src/rabbitmq/connection.rs-32
2022-02-13 04:28:30 - INFO: Rabbit Actor Started -> src/rabbitmq/connection.rs-131
2022-02-13 04:28:30 - WARN: Handling create exchange message -> src/rabbitmq/handlers.rs-13
2022-02-13 04:28:30 - WARN: Declaring exchange -> src/rabbitmq/connection.rs-53
2022-02-13 04:28:30 - INFO: Consuming from exchange -> src/rabbitmq/handlers.rs-38
2022-02-13 04:28:30 - INFO: Declaring queue rabbit_queue -> src/rabbitmq/connection.rs-66
2022-02-13 04:28:30 - INFO: Binding queue to route "/rabbit" -> src/rabbitmq/connection.rs-83
2022-02-13 04:28:31 - INFO: Basic consumer -> src/rabbitmq/connection.rs-95
2022-02-13 04:28:31 - INFO: Adding Rabbit stream -> src/rabbitmq/handlers.rs-45
